<?xml version="1.0" encoding="UTF-8"?>
<!-- Generated by org.testng.reporters.JUnitXMLReporter -->
<testsuite ignored="0" hostname="MOHNANI" failures="0" tests="3" name="Default test" time="41.351" errors="0" timestamp="2021-04-22T01:50:22 IST">
  <testcase classname="testCases.TestClassA" name="test1" time="10.161"/>
  <testcase classname="testCases.TestClassA" name="test2" time="9.567"/>
  <testcase classname="testCases.TestClassA" name="test3" time="9.409"/>
</testsuite> <!-- Default test -->
