<?xml version="1.0" encoding="UTF-8"?>
<testng-results ignored="0" total="3" passed="2" failed="1" skipped="0">
  <reporter-output>
  </reporter-output>
  <suite started-at="2021-04-22T01:32:18 IST" name="Suite" finished-at="2021-04-22T01:32:47 IST" duration-ms="29045">
    <groups>
    </groups>
    <test started-at="2021-04-22T01:32:18 IST" name="Test" finished-at="2021-04-22T01:32:47 IST" duration-ms="29045">
      <class name="testCases.TestClassA">
        <test-method is-config="true" signature="login()[pri:0, instance:testCases.TestClassA@2de23121]" started-at="2021-04-22T01:32:18 IST" name="login" finished-at="2021-04-22T01:32:22 IST" duration-ms="3183" status="PASS">
          <reporter-output>
          </reporter-output>
        </test-method> <!-- login -->
        <test-method is-config="true" signature="login()[pri:0, instance:testCases.TestClassA@2de23121]" started-at="2021-04-22T01:32:18 IST" name="login" finished-at="2021-04-22T01:32:23 IST" duration-ms="4113" status="PASS">
          <reporter-output>
          </reporter-output>
        </test-method> <!-- login -->
        <test-method is-config="true" signature="login()[pri:0, instance:testCases.TestClassA@2de23121]" started-at="2021-04-22T01:32:18 IST" name="login" finished-at="2021-04-22T01:32:23 IST" duration-ms="4583" status="PASS">
          <reporter-output>
          </reporter-output>
        </test-method> <!-- login -->
        <test-method signature="test1()[pri:0, instance:testCases.TestClassA@2de23121]" started-at="2021-04-22T01:32:22 IST" name="test1" finished-at="2021-04-22T01:32:47 IST" duration-ms="25751" status="FAIL">
          <exception class="org.openqa.selenium.NoSuchSessionException">
            <message>
              <![CDATA[invalid session id
Build info: version: '3.141.59', revision: 'e82be7d358', time: '2018-11-14T08:17:03'
System info: host: 'MOHNANI', ip: '192.168.99.1', os.name: 'Windows 10', os.arch: 'amd64', os.version: '10.0', java.version: '11.0.5'
Driver info: org.openqa.selenium.remote.RemoteWebDriver
Capabilities {acceptInsecureCerts: false, browserName: chrome, browserVersion: 89.0.4389.128, chrome: {chromedriverVersion: 89.0.4389.23 (61b08ee2c5002..., userDataDir: C:\Users\AnilY\AppData\Loca...}, goog:chromeOptions: {debuggerAddress: localhost:61566}, javascriptEnabled: true, networkConnectionEnabled: false, pageLoadStrategy: normal, platform: WINDOWS, platformName: WINDOWS, proxy: Proxy(), setWindowRect: true, strictFileInteractability: false, timeouts: {implicit: 0, pageLoad: 300000, script: 30000}, unhandledPromptBehavior: dismiss and notify, webauthn:extension:largeBlob: true, webauthn:virtualAuthenticators: true, webdriver.remote.sessionid: bf9ded66a609aed8b038fe15607...}]]>
            </message>
            <full-stacktrace>
              <![CDATA[org.openqa.selenium.NoSuchSessionException: invalid session id
Build info: version: '3.141.59', revision: 'e82be7d358', time: '2018-11-14T08:17:03'
System info: host: 'MOHNANI', ip: '192.168.99.1', os.name: 'Windows 10', os.arch: 'amd64', os.version: '10.0', java.version: '11.0.5'
Driver info: org.openqa.selenium.remote.RemoteWebDriver
Capabilities {acceptInsecureCerts: false, browserName: chrome, browserVersion: 89.0.4389.128, chrome: {chromedriverVersion: 89.0.4389.23 (61b08ee2c5002..., userDataDir: C:\Users\AnilY\AppData\Loca...}, goog:chromeOptions: {debuggerAddress: localhost:61566}, javascriptEnabled: true, networkConnectionEnabled: false, pageLoadStrategy: normal, platform: WINDOWS, platformName: WINDOWS, proxy: Proxy(), setWindowRect: true, strictFileInteractability: false, timeouts: {implicit: 0, pageLoad: 300000, script: 30000}, unhandledPromptBehavior: dismiss and notify, webauthn:extension:largeBlob: true, webauthn:virtualAuthenticators: true, webdriver.remote.sessionid: bf9ded66a609aed8b038fe15607...}
at java.base/jdk.internal.reflect.NativeConstructorAccessorImpl.newInstance0(Native Method)
at java.base/jdk.internal.reflect.NativeConstructorAccessorImpl.newInstance(NativeConstructorAccessorImpl.java:62)
at java.base/jdk.internal.reflect.DelegatingConstructorAccessorImpl.newInstance(DelegatingConstructorAccessorImpl.java:45)
at java.base/java.lang.reflect.Constructor.newInstance(Constructor.java:490)
at org.openqa.selenium.remote.http.W3CHttpResponseCodec.createException(W3CHttpResponseCodec.java:187)
at org.openqa.selenium.remote.http.W3CHttpResponseCodec.decode(W3CHttpResponseCodec.java:122)
at org.openqa.selenium.remote.http.W3CHttpResponseCodec.decode(W3CHttpResponseCodec.java:49)
at org.openqa.selenium.remote.HttpCommandExecutor.execute(HttpCommandExecutor.java:158)
at org.openqa.selenium.remote.RemoteWebDriver.execute(RemoteWebDriver.java:552)
at org.openqa.selenium.remote.RemoteWebDriver.execute(RemoteWebDriver.java:609)
at org.openqa.selenium.remote.RemoteWebDriver.getTitle(RemoteWebDriver.java:281)
at testCases.TestClassA.test1(TestClassA.java:36)
at java.base/jdk.internal.reflect.NativeMethodAccessorImpl.invoke0(Native Method)
at java.base/jdk.internal.reflect.NativeMethodAccessorImpl.invoke(NativeMethodAccessorImpl.java:62)
at java.base/jdk.internal.reflect.DelegatingMethodAccessorImpl.invoke(DelegatingMethodAccessorImpl.java:43)
at java.base/java.lang.reflect.Method.invoke(Method.java:566)
at org.testng.internal.MethodInvocationHelper.invokeMethod(MethodInvocationHelper.java:134)
at org.testng.internal.TestInvoker.invokeMethod(TestInvoker.java:597)
at org.testng.internal.TestInvoker.invokeTestMethod(TestInvoker.java:173)
at org.testng.internal.MethodRunner.runInSequence(MethodRunner.java:46)
at org.testng.internal.TestInvoker$MethodInvocationAgent.invoke(TestInvoker.java:816)
at org.testng.internal.TestInvoker.invokeTestMethods(TestInvoker.java:146)
at org.testng.internal.TestMethodWorker.invokeTestMethods(TestMethodWorker.java:146)
at org.testng.internal.TestMethodWorker.run(TestMethodWorker.java:128)
at java.base/java.util.concurrent.ThreadPoolExecutor.runWorker(ThreadPoolExecutor.java:1128)
at java.base/java.util.concurrent.ThreadPoolExecutor$Worker.run(ThreadPoolExecutor.java:628)
at java.base/java.lang.Thread.run(Thread.java:834)
]]>
            </full-stacktrace>
          </exception> <!-- org.openqa.selenium.NoSuchSessionException -->
          <reporter-output>
          </reporter-output>
        </test-method> <!-- test1 -->
        <test-method signature="test2()[pri:0, instance:testCases.TestClassA@2de23121]" started-at="2021-04-22T01:32:23 IST" name="test2" finished-at="2021-04-22T01:32:40 IST" duration-ms="17504" status="PASS">
          <reporter-output>
          </reporter-output>
        </test-method> <!-- test2 -->
        <test-method signature="test3()[pri:0, instance:testCases.TestClassA@2de23121]" started-at="2021-04-22T01:32:23 IST" name="test3" finished-at="2021-04-22T01:32:40 IST" duration-ms="17040" status="PASS">
          <reporter-output>
          </reporter-output>
        </test-method> <!-- test3 -->
        <test-method is-config="true" signature="close()[pri:0, instance:testCases.TestClassA@2de23121]" started-at="2021-04-22T01:32:40 IST" name="close" finished-at="2021-04-22T01:32:47 IST" duration-ms="6847" status="PASS">
          <reporter-output>
          </reporter-output>
        </test-method> <!-- close -->
        <test-method is-config="true" signature="close()[pri:0, instance:testCases.TestClassA@2de23121]" started-at="2021-04-22T01:32:40 IST" name="close" finished-at="2021-04-22T01:32:47 IST" duration-ms="7205" status="PASS">
          <reporter-output>
          </reporter-output>
        </test-method> <!-- close -->
        <test-method is-config="true" signature="close()[pri:0, instance:testCases.TestClassA@2de23121]" started-at="2021-04-22T01:32:47 IST" name="close" finished-at="2021-04-22T01:32:47 IST" duration-ms="0" status="PASS">
          <reporter-output>
          </reporter-output>
        </test-method> <!-- close -->
      </class> <!-- testCases.TestClassA -->
    </test> <!-- Test -->
  </suite> <!-- Suite -->
</testng-results>
