<?xml version="1.0" encoding="UTF-8"?>
<testng-results ignored="0" total="2" passed="2" failed="0" skipped="0">
  <reporter-output>
  </reporter-output>
  <suite started-at="2021-04-15T00:08:51 IST" name="Suite" finished-at="2021-04-15T00:09:59 IST" duration-ms="67726">
    <groups>
    </groups>
    <test started-at="2021-04-15T00:08:51 IST" name="Test" finished-at="2021-04-15T00:09:59 IST" duration-ms="67726">
      <class name="testCases.TestClassA">
        <test-method is-config="true" signature="login()[pri:0, instance:testCases.TestClassA@43c1b556]" started-at="2021-04-15T00:08:51 IST" name="login" finished-at="2021-04-15T00:09:12 IST" duration-ms="20963" status="PASS">
          <reporter-output>
          </reporter-output>
        </test-method> <!-- login -->
        <test-method signature="test1()[pri:0, instance:testCases.TestClassA@43c1b556]" started-at="2021-04-15T00:09:12 IST" name="test1" finished-at="2021-04-15T00:09:34 IST" duration-ms="21894" status="PASS">
          <reporter-output>
          </reporter-output>
        </test-method> <!-- test1 -->
        <test-method is-config="true" signature="close()[pri:0, instance:testCases.TestClassA@43c1b556]" started-at="2021-04-15T00:09:34 IST" name="close" finished-at="2021-04-15T00:09:37 IST" duration-ms="2472" status="PASS">
          <reporter-output>
          </reporter-output>
        </test-method> <!-- close -->
        <test-method is-config="true" signature="login()[pri:0, instance:testCases.TestClassA@43c1b556]" started-at="2021-04-15T00:09:37 IST" name="login" finished-at="2021-04-15T00:09:39 IST" duration-ms="2578" status="PASS">
          <reporter-output>
          </reporter-output>
        </test-method> <!-- login -->
        <test-method signature="test2()[pri:0, instance:testCases.TestClassA@43c1b556]" started-at="2021-04-15T00:09:39 IST" name="test2" finished-at="2021-04-15T00:09:57 IST" duration-ms="17149" status="PASS">
          <reporter-output>
          </reporter-output>
        </test-method> <!-- test2 -->
        <test-method is-config="true" signature="close()[pri:0, instance:testCases.TestClassA@43c1b556]" started-at="2021-04-15T00:09:57 IST" name="close" finished-at="2021-04-15T00:09:59 IST" duration-ms="2614" status="PASS">
          <reporter-output>
          </reporter-output>
        </test-method> <!-- close -->
      </class> <!-- testCases.TestClassA -->
    </test> <!-- Test -->
  </suite> <!-- Suite -->
</testng-results>
