<?xml version="1.0" encoding="UTF-8"?>
<testng-results ignored="0" total="3" passed="3" failed="0" skipped="0">
  <reporter-output>
  </reporter-output>
  <suite started-at="2021-04-22T01:57:27 IST" name="Suite" finished-at="2021-04-22T01:58:12 IST" duration-ms="44808">
    <groups>
    </groups>
    <test started-at="2021-04-22T01:57:27 IST" name="Test" finished-at="2021-04-22T01:58:12 IST" duration-ms="44808">
      <class name="testCases.TestClassA">
        <test-method is-config="true" signature="login()[pri:0, instance:testCases.TestClassA@6f27a732]" started-at="2021-04-22T01:57:27 IST" name="login" finished-at="2021-04-22T01:57:32 IST" duration-ms="4134" status="PASS">
          <reporter-output>
          </reporter-output>
        </test-method> <!-- login -->
        <test-method signature="test1()[pri:0, instance:testCases.TestClassA@6f27a732]" started-at="2021-04-22T01:57:32 IST" name="test1" finished-at="2021-04-22T01:57:43 IST" duration-ms="11274" status="PASS">
          <reporter-output>
          </reporter-output>
        </test-method> <!-- test1 -->
        <test-method is-config="true" signature="close()[pri:0, instance:testCases.TestClassA@6f27a732]" started-at="2021-04-22T01:57:43 IST" name="close" finished-at="2021-04-22T01:57:43 IST" duration-ms="199" status="PASS">
          <reporter-output>
          </reporter-output>
        </test-method> <!-- close -->
        <test-method is-config="true" signature="login()[pri:0, instance:testCases.TestClassA@6f27a732]" started-at="2021-04-22T01:57:43 IST" name="login" finished-at="2021-04-22T01:57:45 IST" duration-ms="2456" status="PASS">
          <reporter-output>
          </reporter-output>
        </test-method> <!-- login -->
        <test-method signature="test2()[pri:0, instance:testCases.TestClassA@6f27a732]" started-at="2021-04-22T01:57:45 IST" name="test2" finished-at="2021-04-22T01:57:58 IST" duration-ms="12017" status="PASS">
          <reporter-output>
          </reporter-output>
        </test-method> <!-- test2 -->
        <test-method is-config="true" signature="close()[pri:0, instance:testCases.TestClassA@6f27a732]" started-at="2021-04-22T01:57:58 IST" name="close" finished-at="2021-04-22T01:57:58 IST" duration-ms="78" status="PASS">
          <reporter-output>
          </reporter-output>
        </test-method> <!-- close -->
        <test-method is-config="true" signature="login()[pri:0, instance:testCases.TestClassA@6f27a732]" started-at="2021-04-22T01:57:58 IST" name="login" finished-at="2021-04-22T01:58:01 IST" duration-ms="3383" status="PASS">
          <reporter-output>
          </reporter-output>
        </test-method> <!-- login -->
        <test-method signature="test3()[pri:0, instance:testCases.TestClassA@6f27a732]" started-at="2021-04-22T01:58:01 IST" name="test3" finished-at="2021-04-22T01:58:12 IST" duration-ms="11093" status="PASS">
          <reporter-output>
          </reporter-output>
        </test-method> <!-- test3 -->
        <test-method is-config="true" signature="close()[pri:0, instance:testCases.TestClassA@6f27a732]" started-at="2021-04-22T01:58:12 IST" name="close" finished-at="2021-04-22T01:58:12 IST" duration-ms="85" status="PASS">
          <reporter-output>
          </reporter-output>
        </test-method> <!-- close -->
      </class> <!-- testCases.TestClassA -->
    </test> <!-- Test -->
  </suite> <!-- Suite -->
</testng-results>
